{"/private/tmp/test/time/src/index.ts": {"path":"/private/tmp/test/time/src/index.ts","statementMap":{"0":{"start":{"line":6,"column":0},"end":{"line":6,"column":26}},"1":{"start":{"line":24,"column":13},"end":{"line":40,"column":2}},"2":{"start":{"line":27,"column":2},"end":{"line":39,"column":null}},"3":{"start":{"line":28,"column":4},"end":{"line":28,"column":31}},"4":{"start":{"line":32,"column":6},"end":{"line":34,"column":31}},"5":{"start":{"line":35,"column":4},"end":{"line":38,"column":6}},"6":{"start":{"line":42,"column":0},"end":{"line":42,"column":23}},"7":{"start":{"line":44,"column":15},"end":{"line":69,"column":1}},"8":{"start":{"line":47,"column":17},"end":{"line":47,"column":44}},"9":{"start":{"line":49,"column":2},"end":{"line":51,"column":null}},"10":{"start":{"line":50,"column":4},"end":{"line":50,"column":63}},"11":{"start":{"line":52,"column":15},"end":{"line":52,"column":38}},"12":{"start":{"line":53,"column":14},"end":{"line":53,"column":52}},"13":{"start":{"line":54,"column":2},"end":{"line":68,"column":null}},"14":{"start":{"line":55,"column":17},"end":{"line":57,"column":6}},"15":{"start":{"line":56,"column":48},"end":{"line":56,"column":54}},"16":{"start":{"line":59,"column":4},"end":{"line":62,"column":6}},"17":{"start":{"line":67,"column":4},"end":{"line":67,"column":23}}},"fnMap":{"0":{"name":"(anonymous_1)","decl":{"start":{"line":24,"column":23},"end":{"line":24,"column":28}},"loc":{"start":{"line":26,"column":36},"end":{"line":40,"column":1}}},"1":{"name":"(anonymous_2)","decl":{"start":{"line":44,"column":15},"end":{"line":44,"column":20}},"loc":{"start":{"line":46,"column":36},"end":{"line":69,"column":1}}},"2":{"name":"(anonymous_3)","decl":{"start":{"line":56,"column":25},"end":{"line":56,"column":26}},"loc":{"start":{"line":56,"column":48},"end":{"line":56,"column":54}}}},"branchMap":{"0":{"loc":{"start":{"line":33,"column":10},"end":{"line":33,"column":19}},"type":"cond-expr","locations":[{"start":{"line":33,"column":10},"end":{"line":33,"column":19}},{"start":{"line":34,"column":10},"end":{"line":34,"column":31}}]},"1":{"loc":{"start":{"line":32,"column":6},"end":{"line":32,"column":35}},"type":"binary-expr","locations":[{"start":{"line":32,"column":6},"end":{"line":32,"column":35}},{"start":{"line":32,"column":39},"end":{"line":32,"column":75}}]},"2":{"loc":{"start":{"line":36,"column":53},"end":{"line":36,"column":56}},"type":"cond-expr","locations":[{"start":{"line":36,"column":53},"end":{"line":36,"column":56}},{"start":{"line":36,"column":59},"end":{"line":36,"column":62}}]},"3":{"loc":{"start":{"line":49,"column":2},"end":{"line":51,"column":null}},"type":"if","locations":[{"start":{"line":49,"column":2},"end":{"line":51,"column":null}},{"start":{"line":49,"column":2},"end":{"line":51,"column":null}}]},"4":{"loc":{"start":{"line":52,"column":15},"end":{"line":52,"column":26}},"type":"binary-expr","locations":[{"start":{"line":52,"column":15},"end":{"line":52,"column":26}},{"start":{"line":52,"column":30},"end":{"line":52,"column":38}}]}},"s":{"0":1,"1":1,"2":6,"3":6,"4":4,"5":4,"6":1,"7":1,"8":6,"9":6,"10":2,"11":4,"12":4,"13":4,"14":4,"15":0,"16":2,"17":2},"f":{"0":6,"1":6,"2":0},"b":{"0":[2,2],"1":[4,4],"2":[2,2],"3":[2,4],"4":[4,2]}}
}
